<?xml version="1.0" encoding="UTF-8"?>
<testsuite xmlns:xsi="http://www.w3.org/2001/XMLSchema-instance" xsi:noNamespaceSchemaLocation="https://maven.apache.org/surefire/maven-surefire-plugin/xsd/surefire-test-report.xsd" name="guru.springframework.msscbrewery.web.controller.BeerControllerTest" time="4.258" tests="3" errors="0" skipped="0" failures="0">
  <properties>
[...]
</properties>
  <testcase name="handleUpdate" classname="guru.springframework.msscbrewery.web.controller.BeerControllerTest" time="1.559"/>
  <testcase name="getBeer" classname="guru.springframework.msscbrewery.web.controller.BeerControllerTest" time="0.499"/>
  <testcase name="handlePost" classname="guru.springframework.msscbrewery.web.controller.BeerControllerTest" time="0.16"/>
</testsuite>